ASSERTION	AAMDAAEBBQAC
ASSERTION	AAIBAAIBBQAC
ASSERTION	AAEAAQxsb2dpbiBjbGllbnQBAAMDAgBa
RUN	default4.RecordedSimulateloginFalse		titi1	1468250753497	 	2.0
USER	Admins	1	START	1468250754414	1468250754414
REQUEST	Admins	1		Init Simulation	1468250754443	1468250754460	OK	 
REQUEST	Admins	1		Acces api	1468250755403	1468250755476	OK	 
USER	Admins	2	START	1468250755483	1468250755483
REQUEST	Admins	1		Access sync	1468250755923	1468250755934	OK	 
REQUEST	Admins	1		presence Users	1468250756412	1468250756418	OK	 
REQUEST	Admins	1		turnServer on	1468250756773	1468250756777	OK	 
REQUEST	Admins	1		Login page	1468250757102	1468250757105	OK	 
REQUEST	Admins	1		list event	1468250757412	1468250757447	OK	 
REQUEST	Admins	1		logo picture	1468250757682	1468250757685	OK	 
REQUEST	Admins	2		Init Simulation	1468250757932	1468250757943	OK	 
REQUEST	Admins	1		event users	1468250758182	1468250758209	OK	 
REQUEST	Admins	2		Acces api	1468250758413	1468250758435	OK	 
REQUEST	Admins	2		Access sync	1468250758633	1468250758646	OK	 
REQUEST	Admins	2		presence Users	1468250758832	1468250758838	OK	 
REQUEST	Admins	2		turnServer on	1468250759033	1468250759041	OK	 
REQUEST	Admins	2		Login page	1468250759233	1468250759239	OK	 
REQUEST	Admins	2		list event	1468250759412	1468250759434	OK	 
REQUEST	Admins	1		login client	1468250759603	1468250759610	KO	status.find.is(200), but actually found 400
USER	Admins	1	END	1468250754414	1468250759618
REQUEST	Admins	2		logo picture	1468250759773	1468250759775	OK	 
REQUEST	Admins	2		event users	1468250759933	1468250759958	OK	 
REQUEST	Admins	2		login client	1468250760092	1468250760095	KO	status.find.is(200), but actually found 400
USER	Admins	2	END	1468250755483	1468250760097
