ASSERTION	AAMDAAEBBQAy
ASSERTION	AAIBAAIBBQAF
ASSERTION	AAEAAQxTZW5kIE1lc3NhZ2UBAAMDAgBa
RUN	tai.vector.LoginVector		loginvector	1471622163481	 	2.0
USER	Admins	1	START	1471622164671	1471622164671
REQUEST	Admins	1		matrix page	1471622164699	1471622165067	OK	 
USER	Admins	2	START	1471622169681	1471622169681
REQUEST	Admins	2		matrix page	1471622169682	1471622169978	OK	 
REQUEST	Admins	1		matrix page2	1471622180082	1471622180310	OK	 
REQUEST	Admins	1		matrix page 3	1471622180331	1471622180369	OK	 
REQUEST	Admins	2		matrix page2	1471622185001	1471622185247	OK	 
REQUEST	Admins	2		matrix page 3	1471622185251	1471622185288	OK	 
REQUEST	Admins	1		login page	1471622198383	1471622198406	OK	 
REQUEST	Admins	2		login page	1471622203281	1471622203292	OK	 
REQUEST	Admins	1		Login user	1471622205409	1471622205418	OK	 
REQUEST	Admins	1		Presence Users	1471622205455	1471622205470	OK	 
REQUEST	Admins	1		Turn Server	1471622205459	1471622205488	OK	 
REQUEST	Admins	1		Push rules	1471622205466	1471622205843	OK	 
REQUEST	Admins	1		User Filter 2	1471622205491	1471622205886	OK	 
REQUEST	Admins	1		User filter	1471622205491	1471622205884	OK	 
REQUEST	Admins	1		Presence user	1471622205476	1471622205884	OK	 
REQUEST	Admins	1		Login request	1471622205451	1471622205906	OK	 
REQUEST	Admins	1		User filter 3	1471622205501	1471622206487	OK	 
REQUEST	Admins	2		Login user	1471622210301	1471622210312	OK	 
USER	Admins	1	END	1471622164671	1471622210511
REQUEST	Admins	2		Presence Users	1471622210317	1471622210708	OK	 
REQUEST	Admins	2		Presence user	1471622210329	1471622210710	OK	 
REQUEST	Admins	2		Push rules	1471622210329	1471622210712	OK	 
REQUEST	Admins	2		Turn Server	1471622210318	1471622210713	OK	 
REQUEST	Admins	2		User filter	1471622210330	1471622210713	OK	 
REQUEST	Admins	2		User Filter 2	1471622210714	1471622210755	OK	 
REQUEST	Admins	2		Login request	1471622210317	1471622210803	OK	 
REQUEST	Admins	2		User filter 3	1471622210718	1471622211230	OK	 
USER	Admins	2	END	1471622169681	1471622215241
