ASSERTION	AAMDAAEBBQAC
ASSERTION	AAIBAAIBBQAC
ASSERTION	AAEAAQxsb2dpbiBjbGllbnQBAAMDAgBa
RUN	default4.RecordedSimulateloginFalse		titi2	1468250766576	 	2.0
USER	Admins	1	START	1468250767460	1468250767460
REQUEST	Admins	1		Init Simulation	1468250767517	1468250767546	OK	 
USER	Admins	2	START	1468250768548	1468250768548
REQUEST	Admins	1		Acces api	1468250768450	1468250768998	OK	 
REQUEST	Admins	1		Access sync	1468250768968	1468250769422	OK	 
REQUEST	Admins	1		presence Users	1468250769460	1468250769541	OK	 
REQUEST	Admins	1		turnServer on	1468250769808	1468250769813	OK	 
REQUEST	Admins	1		Login page	1468250770137	1468250770139	OK	 
REQUEST	Admins	1		list event	1468250770458	1468250770478	OK	 
REQUEST	Admins	2		Init Simulation	1468250770727	1468250770732	OK	 
REQUEST	Admins	1		logo picture	1468250770977	1468250770979	OK	 
REQUEST	Admins	1		event users	1468250771227	1468250771249	OK	 
REQUEST	Admins	2		Acces api	1468250771458	1468250771479	OK	 
REQUEST	Admins	2		Access sync	1468250771677	1468250771686	OK	 
REQUEST	Admins	2		presence Users	1468250771877	1468250771882	OK	 
REQUEST	Admins	2		turnServer on	1468250772078	1468250772082	OK	 
REQUEST	Admins	2		Login page	1468250772277	1468250772281	OK	 
REQUEST	Admins	2		list event	1468250772458	1468250772483	OK	 
REQUEST	Admins	1		login client	1468250772648	1468250772656	KO	status.find.is(200), but actually found 400
USER	Admins	1	END	1468250767460	1468250772668
REQUEST	Admins	2		logo picture	1468250772817	1468250772819	OK	 
REQUEST	Admins	2		event users	1468250772977	1468250772998	OK	 
REQUEST	Admins	2		login client	1468250773147	1468250773151	KO	status.find.is(200), but actually found 400
USER	Admins	2	END	1468250768548	1468250773152
