ASSERTION	AAMDAAEBBQAC
ASSERTION	AAIBAAIBBQAC
ASSERTION	AAEAAQxsb2dpbiBjbGllbnQBAAMDAgBa
RUN	default4.RecordedSimulateloginFalse		yoyo1	1468250882620	 	2.0
USER	Admins	1	START	1468250883669	1468250883669
REQUEST	Admins	1		Init Simulation	1468250883729	1468250883780	OK	 
REQUEST	Admins	1		Acces api	1468250884654	1468250884715	OK	 
USER	Admins	2	START	1468250884774	1468250884774
REQUEST	Admins	1		Access sync	1468250885174	1468250885184	OK	 
REQUEST	Admins	1		presence Users	1468250885664	1468250885669	OK	 
REQUEST	Admins	1		turnServer on	1468250886024	1468250886028	OK	 
REQUEST	Admins	1		Login page	1468250886353	1468250886355	OK	 
REQUEST	Admins	1		list event	1468250886663	1468250886683	OK	 
REQUEST	Admins	1		logo picture	1468250886934	1468250886936	OK	 
REQUEST	Admins	2		Init Simulation	1468250887183	1468250887189	OK	 
REQUEST	Admins	1		event users	1468250887434	1468250887458	OK	 
REQUEST	Admins	2		Acces api	1468250887664	1468250887686	OK	 
REQUEST	Admins	2		Access sync	1468250887883	1468250887893	OK	 
REQUEST	Admins	2		presence Users	1468250888084	1468250888088	OK	 
REQUEST	Admins	2		turnServer on	1468250888284	1468250888289	OK	 
REQUEST	Admins	2		Login page	1468250888483	1468250888486	OK	 
REQUEST	Admins	2		list event	1468250888664	1468250888684	OK	 
REQUEST	Admins	1		login client	1468250888854	1468250888860	KO	status.find.is(200), but actually found 400
USER	Admins	1	END	1468250883669	1468250888869
REQUEST	Admins	2		logo picture	1468250889024	1468250889026	OK	 
REQUEST	Admins	2		event users	1468250889184	1468250889206	OK	 
REQUEST	Admins	2		login client	1468250889354	1468250889370	KO	status.find.is(200), but actually found 400
USER	Admins	2	END	1468250884774	1468250889371
