ASSERTION	AAMDAAEBBQAC
ASSERTION	AAIBAAIBBQAC
ASSERTION	AAEAAQxsb2dpbiBjbGllbnQBAAMDAgBa
RUN	default4.RecordedSimulateloginFalse		yoyo5	1468250932909	 	2.0
USER	Admins	1	START	1468250935866	1468250935866
REQUEST	Admins	1		Init Simulation	1468250935915	1468250935936	OK	 
REQUEST	Admins	1		Acces api	1468250936827	1468250936894	OK	 
USER	Admins	2	START	1468250936930	1468250936930
REQUEST	Admins	1		Access sync	1468250937347	1468250937359	OK	 
REQUEST	Admins	1		presence Users	1468250937838	1468250937848	OK	 
REQUEST	Admins	1		turnServer on	1468250938197	1468250938202	OK	 
REQUEST	Admins	1		Login page	1468250938527	1468250938530	OK	 
REQUEST	Admins	1		list event	1468250938838	1468250938861	OK	 
REQUEST	Admins	1		logo picture	1468250939107	1468250939109	OK	 
REQUEST	Admins	2		Init Simulation	1468250939357	1468250939364	OK	 
REQUEST	Admins	1		event users	1468250939607	1468250939637	OK	 
REQUEST	Admins	2		Acces api	1468250939838	1468250939859	OK	 
REQUEST	Admins	2		Access sync	1468250940057	1468250940068	OK	 
REQUEST	Admins	2		presence Users	1468250940257	1468250940263	OK	 
REQUEST	Admins	2		turnServer on	1468250940457	1468250940463	OK	 
REQUEST	Admins	2		Login page	1468250940657	1468250940660	OK	 
REQUEST	Admins	2		list event	1468250940838	1468250940861	OK	 
REQUEST	Admins	1		login client	1468250941028	1468250941034	KO	status.find.is(200), but actually found 400
USER	Admins	1	END	1468250935866	1468250941042
REQUEST	Admins	2		logo picture	1468250941197	1468250941201	OK	 
REQUEST	Admins	2		event users	1468250941357	1468250941378	OK	 
REQUEST	Admins	2		login client	1468250941527	1468250941531	KO	status.find.is(200), but actually found 400
USER	Admins	2	END	1468250936930	1468250941532
