ASSERTION	AAMDAAEBBQAC
ASSERTION	AAIBAAIBBQAC
ASSERTION	AAEAAQxsb2dpbiBjbGllbnQBAAMDAgBa
RUN	default4.RecordedSimulateloginFalse		tata2	1468250593203	 	2.0
USER	Admins	1	START	1468250594612	1468250594612
REQUEST	Admins	1		Init Simulation	1468250594639	1468250594657	OK	 
REQUEST	Admins	1		Acces api	1468250595602	1468250595647	OK	 
USER	Admins	2	START	1468250595669	1468250595669
REQUEST	Admins	1		Access sync	1468250596122	1468250596133	OK	 
REQUEST	Admins	1		presence Users	1468250596611	1468250596617	OK	 
REQUEST	Admins	1		turnServer on	1468250596972	1468250596976	OK	 
REQUEST	Admins	1		Login page	1468250597302	1468250597304	OK	 
REQUEST	Admins	1		list event	1468250597612	1468250597633	OK	 
REQUEST	Admins	1		logo picture	1468250597881	1468250597883	OK	 
REQUEST	Admins	2		Init Simulation	1468250598131	1468250598136	OK	 
REQUEST	Admins	1		event users	1468250598382	1468250598401	OK	 
REQUEST	Admins	2		Acces api	1468250598612	1468250598633	OK	 
REQUEST	Admins	2		Access sync	1468250598832	1468250598842	OK	 
REQUEST	Admins	2		presence Users	1468250599031	1468250599036	OK	 
REQUEST	Admins	2		turnServer on	1468250599232	1468250599237	OK	 
REQUEST	Admins	2		Login page	1468250599432	1468250599434	OK	 
REQUEST	Admins	2		list event	1468250599612	1468250599635	OK	 
REQUEST	Admins	1		login client	1468250599802	1468250599808	KO	status.find.is(200), but actually found 400
USER	Admins	1	END	1468250594612	1468250599818
REQUEST	Admins	2		logo picture	1468250599972	1468250599976	OK	 
REQUEST	Admins	2		event users	1468250600131	1468250600152	OK	 
REQUEST	Admins	2		login client	1468250600301	1468250600305	KO	status.find.is(200), but actually found 400
USER	Admins	2	END	1468250595669	1468250600306
