ASSERTION	AAMDAAEBBQAC
ASSERTION	AAIBAAIBBQAC
ASSERTION	AAEAAQxsb2dpbiBjbGllbnQBAAMDAgBa
RUN	default4.RecordedSimulateloginFalse		yoyo3	1468250907158	 	2.0
USER	Admins	1	START	1468250908234	1468250908234
REQUEST	Admins	1		Init Simulation	1468250908266	1468250908288	OK	 
REQUEST	Admins	1		Acces api	1468250909217	1468250909269	OK	 
USER	Admins	2	START	1468250909318	1468250909318
REQUEST	Admins	1		Access sync	1468250909737	1468250909753	OK	 
REQUEST	Admins	1		presence Users	1468250910226	1468250910232	OK	 
REQUEST	Admins	1		turnServer on	1468250910586	1468250910590	OK	 
REQUEST	Admins	1		Login page	1468250910916	1468250910918	OK	 
REQUEST	Admins	1		list event	1468250911226	1468250911247	OK	 
REQUEST	Admins	1		logo picture	1468250911497	1468250911500	OK	 
REQUEST	Admins	2		Init Simulation	1468250911746	1468250911753	OK	 
REQUEST	Admins	1		event users	1468250911997	1468250912023	OK	 
REQUEST	Admins	2		Acces api	1468250912226	1468250912254	OK	 
REQUEST	Admins	2		Access sync	1468250912447	1468250912457	OK	 
REQUEST	Admins	2		presence Users	1468250912646	1468250912657	OK	 
REQUEST	Admins	2		turnServer on	1468250912846	1468250912852	OK	 
REQUEST	Admins	2		Login page	1468250913046	1468250913049	OK	 
REQUEST	Admins	2		list event	1468250913226	1468250913254	OK	 
REQUEST	Admins	1		login client	1468250913417	1468250913423	KO	status.find.is(200), but actually found 400
USER	Admins	1	END	1468250908234	1468250913441
REQUEST	Admins	2		logo picture	1468250913587	1468250913589	OK	 
REQUEST	Admins	2		event users	1468250913746	1468250913773	OK	 
REQUEST	Admins	2		login client	1468250913906	1468250913910	KO	status.find.is(200), but actually found 400
USER	Admins	2	END	1468250909318	1468250913912
