ASSERTION	AAMDAAEBBQAC
ASSERTION	AAIBAAIBBQAC
ASSERTION	AAEAAQxsb2dpbiBjbGllbnQBAAMDAgBa
RUN	default4.RecordedSimulateloginFalse		tata3	1468250604560	 	2.0
USER	Admins	1	START	1468250606289	1468250606289
REQUEST	Admins	1		Init Simulation	1468250607267	1468250607519	OK	 
REQUEST	Admins	1		Acces api	1468250607598	1468250607666	OK	 
REQUEST	Admins	1		Access sync	1468250607755	1468250607769	OK	 
REQUEST	Admins	1		presence Users	1468250608114	1468250608126	OK	 
USER	Admins	2	START	1468250608444	1468250608444
REQUEST	Admins	1		turnServer on	1468250608444	1468250608453	OK	 
REQUEST	Admins	1		Login page	1468250608745	1468250608748	OK	 
REQUEST	Admins	1		list event	1468250609014	1468250609036	OK	 
REQUEST	Admins	1		logo picture	1468250609264	1468250609266	OK	 
REQUEST	Admins	1		event users	1468250609515	1468250609538	OK	 
REQUEST	Admins	2		Init Simulation	1468250609744	1468250609750	OK	 
REQUEST	Admins	1		login client	1468250609965	1468250609971	KO	status.find.is(200), but actually found 400
USER	Admins	1	END	1468250606289	1468250609986
REQUEST	Admins	2		Acces api	1468250610164	1468250610185	OK	 
REQUEST	Admins	2		Access sync	1468250610364	1468250610374	OK	 
REQUEST	Admins	2		presence Users	1468250610565	1468250610571	OK	 
REQUEST	Admins	2		turnServer on	1468250610744	1468250610752	OK	 
REQUEST	Admins	2		Login page	1468250610934	1468250610937	OK	 
REQUEST	Admins	2		list event	1468250611104	1468250611126	OK	 
REQUEST	Admins	2		logo picture	1468250611264	1468250611267	OK	 
REQUEST	Admins	2		event users	1468250611434	1468250611457	OK	 
REQUEST	Admins	2		login client	1468250611594	1468250611598	KO	status.find.is(200), but actually found 400
USER	Admins	2	END	1468250608444	1468250611600
