ASSERTION	AAMDAAEBBQAC
ASSERTION	AAIBAAIBBQAC
ASSERTION	AAEAAQxsb2dpbiBjbGllbnQBAAMDAgBa
RUN	default4.RecordedSimulateloginFalse		tata0	1468250566743	 	2.0
USER	Admins	1	START	1468250567743	1468250567743
REQUEST	Admins	1		Init Simulation	1468250567776	1468250567789	OK	 
REQUEST	Admins	1		Acces api	1468250568723	1468250568772	OK	 
USER	Admins	2	START	1468250568792	1468250568792
REQUEST	Admins	1		Access sync	1468250569243	1468250569277	OK	 
REQUEST	Admins	1		presence Users	1468250569732	1468250569748	OK	 
REQUEST	Admins	1		turnServer on	1468250570093	1468250570097	OK	 
REQUEST	Admins	1		Login page	1468250570423	1468250570425	OK	 
REQUEST	Admins	1		list event	1468250570733	1468250570754	OK	 
REQUEST	Admins	1		logo picture	1468250571003	1468250571005	OK	 
REQUEST	Admins	2		Init Simulation	1468250571252	1468250571258	OK	 
REQUEST	Admins	1		event users	1468250571502	1468250571524	OK	 
REQUEST	Admins	2		Acces api	1468250571733	1468250571761	OK	 
REQUEST	Admins	2		Access sync	1468250571952	1468250571965	OK	 
REQUEST	Admins	2		presence Users	1468250572153	1468250572158	OK	 
REQUEST	Admins	2		turnServer on	1468250572353	1468250572357	OK	 
REQUEST	Admins	2		Login page	1468250572552	1468250572555	OK	 
REQUEST	Admins	2		list event	1468250572733	1468250572753	OK	 
REQUEST	Admins	1		login client	1468250572923	1468250572929	KO	status.find.is(200), but actually found 400
USER	Admins	1	END	1468250567743	1468250572940
REQUEST	Admins	2		logo picture	1468250573092	1468250573094	OK	 
REQUEST	Admins	2		event users	1468250573252	1468250573273	OK	 
REQUEST	Admins	2		login client	1468250573422	1468250573426	KO	status.find.is(200), but actually found 400
USER	Admins	2	END	1468250568792	1468250573427
